-------------------------------------------------------------------------------
Test set: fr.epf.demoseptembre.DemoSeptembreApplicationTests
-------------------------------------------------------------------------------
Tests run: 1, Failures: 0, Errors: 1, Skipped: 0, Time elapsed: 1.605 s <<< FAILURE! - in fr.epf.demoseptembre.DemoSeptembreApplicationTests
initializationError(fr.epf.demoseptembre.DemoSeptembreApplicationTests)  Time elapsed: 0 s  <<< ERROR!
java.lang.IllegalStateException: Unable to find a @SpringBootConfiguration, you need to use @ContextConfiguration or @SpringBootTest(classes=...) with your test

